<?xml version="1.0" encoding="UTF-8"?>
<testng-results skipped="0" failed="0" ignored="0" total="2" passed="2">
  <reporter-output>
  </reporter-output>
  <suite name="WebsiteTest" duration-ms="48665" started-at="2023-04-12T10:04:59 SAST" finished-at="2023-04-12T10:05:48 SAST">
    <groups>
    </groups>
    <test name="Command line test" duration-ms="48665" started-at="2023-04-12T10:04:59 SAST" finished-at="2023-04-12T10:05:48 SAST">
      <class name="WebsiteTest">
        <test-method status="PASS" signature="setUp()[pri:0, instance:WebsiteTest@46daef40]" name="setUp" is-config="true" duration-ms="6681" started-at="2023-04-12T10:04:59 SAST" finished-at="2023-04-12T10:05:06 SAST">
          <reporter-output>
          </reporter-output>
        </test-method> <!-- setUp -->
        <test-method status="PASS" signature="loggingin()[pri:1, instance:WebsiteTest@46daef40]" name="loggingin" duration-ms="17034" started-at="2023-04-12T10:05:06 SAST" finished-at="2023-04-12T10:05:23 SAST">
          <reporter-output>
          </reporter-output>
        </test-method> <!-- loggingin -->
        <test-method status="PASS" signature="tearDown()[pri:0, instance:WebsiteTest@46daef40]" name="tearDown" is-config="true" duration-ms="1045" started-at="2023-04-12T10:05:23 SAST" finished-at="2023-04-12T10:05:24 SAST">
          <reporter-output>
          </reporter-output>
        </test-method> <!-- tearDown -->
        <test-method status="PASS" signature="setUp()[pri:0, instance:WebsiteTest@46daef40]" name="setUp" is-config="true" duration-ms="4924" started-at="2023-04-12T10:05:24 SAST" finished-at="2023-04-12T10:05:29 SAST">
          <reporter-output>
          </reporter-output>
        </test-method> <!-- setUp -->
        <test-method status="PASS" signature="PlaceBet()[pri:2, instance:WebsiteTest@46daef40]" name="PlaceBet" duration-ms="18738" started-at="2023-04-12T10:05:29 SAST" finished-at="2023-04-12T10:05:47 SAST">
          <reporter-output>
          </reporter-output>
        </test-method> <!-- PlaceBet -->
        <test-method status="PASS" signature="tearDown()[pri:0, instance:WebsiteTest@46daef40]" name="tearDown" is-config="true" duration-ms="143" started-at="2023-04-12T10:05:47 SAST" finished-at="2023-04-12T10:05:48 SAST">
          <reporter-output>
          </reporter-output>
        </test-method> <!-- tearDown -->
      </class> <!-- WebsiteTest -->
    </test> <!-- Command line test -->
  </suite> <!-- WebsiteTest -->
</testng-results>
